<?xml version="1.0" encoding="UTF-8"?>
<!-- Generated by org.testng.reporters.JUnitXMLReporter -->
<testsuite ignored="0" hostname="Asha" failures="8" tests="8" name="LoginPageTest" time="21.091" errors="0" timestamp="2023-12-12T22:34:33 GMT">
  <testcase classname="com.orangehrmlive.demo.testsuite.LoginTest" name="verifyErrorMessageWithInvalidCredentials" time="0.009">
    <failure type="java.lang.NullPointerException" message="Cannot invoke &amp;quot;com.orangehrmlive.demo.pages.LoginPage.enterUserName(String)&amp;quot; because &amp;quot;this.loginPage&amp;quot; is null">
      <![CDATA[java.lang.NullPointerException: Cannot invoke "com.orangehrmlive.demo.pages.LoginPage.enterUserName(String)" because "this.loginPage" is null
at com.orangehrmlive.demo.testsuite.LoginTest.verifyErrorMessageWithInvalidCredentials(LoginTest.java:114)
at java.base/java.util.ArrayList.forEach(ArrayList.java:1511)
at com.intellij.rt.testng.IDEARemoteTestNG.run(IDEARemoteTestNG.java:66)
at com.intellij.rt.testng.RemoteTestNGStarter.main(RemoteTestNGStarter.java:105)
... Removed 24 stack frames]]>
    </failure>
  </testcase> <!-- verifyErrorMessageWithInvalidCredentials -->
  <testcase classname="com.orangehrmlive.demo.testsuite.LoginTest" name="verifyThatTheLogoDisplayOnHomePage" time="0.001">
    <failure type="java.lang.NullPointerException" message="Cannot invoke &amp;quot;com.orangehrmlive.demo.pages.LoginPage.getLogoElement(String)&amp;quot; because &amp;quot;this.loginPage&amp;quot; is null">
      <![CDATA[java.lang.NullPointerException: Cannot invoke "com.orangehrmlive.demo.pages.LoginPage.getLogoElement(String)" because "this.loginPage" is null
at com.orangehrmlive.demo.testsuite.LoginTest.verifyThatTheLogoDisplayOnHomePage(LoginTest.java:85)
at java.base/java.util.ArrayList.forEach(ArrayList.java:1511)
at com.intellij.rt.testng.IDEARemoteTestNG.run(IDEARemoteTestNG.java:66)
at com.intellij.rt.testng.RemoteTestNGStarter.main(RemoteTestNGStarter.java:105)
... Removed 24 stack frames]]>
    </failure>
  </testcase> <!-- verifyThatTheLogoDisplayOnHomePage -->
  <testcase classname="com.orangehrmlive.demo.testsuite.LoginTest" name="verifyUserShouldLogOutSuccessFully" time="0.001">
    <failure type="java.lang.NullPointerException" message="Cannot invoke &amp;quot;com.orangehrmlive.demo.pages.LoginPage.enterUserName(String)&amp;quot; because &amp;quot;this.loginPage&amp;quot; is null">
      <![CDATA[java.lang.NullPointerException: Cannot invoke "com.orangehrmlive.demo.pages.LoginPage.enterUserName(String)" because "this.loginPage" is null
at com.orangehrmlive.demo.testsuite.LoginTest.verifyUserShouldLogOutSuccessFully(LoginTest.java:97)
at java.base/java.util.ArrayList.forEach(ArrayList.java:1511)
at com.intellij.rt.testng.IDEARemoteTestNG.run(IDEARemoteTestNG.java:66)
at com.intellij.rt.testng.RemoteTestNGStarter.main(RemoteTestNGStarter.java:105)
... Removed 24 stack frames]]>
    </failure>
  </testcase> <!-- verifyUserShouldLogOutSuccessFully -->
  <testcase classname="com.orangehrmlive.demo.testsuite.LoginTest" name="verifyUserShouldLoginSuccessFully" time="0.0">
    <failure type="java.lang.NullPointerException" message="Cannot invoke &amp;quot;com.orangehrmlive.demo.pages.LoginPage.enterUserName(String)&amp;quot; because &amp;quot;this.loginPage&amp;quot; is null">
      <![CDATA[java.lang.NullPointerException: Cannot invoke "com.orangehrmlive.demo.pages.LoginPage.enterUserName(String)" because "this.loginPage" is null
at com.orangehrmlive.demo.testsuite.LoginTest.verifyUserShouldLoginSuccessFully(LoginTest.java:64)
at java.base/java.util.ArrayList.forEach(ArrayList.java:1511)
at com.intellij.rt.testng.IDEARemoteTestNG.run(IDEARemoteTestNG.java:66)
at com.intellij.rt.testng.RemoteTestNGStarter.main(RemoteTestNGStarter.java:105)
... Removed 24 stack frames]]>
    </failure>
  </testcase> <!-- verifyUserShouldLoginSuccessFully -->
  <testcase classname="com.orangehrmlive.demo.testsuite.UsersTest" name="adminShouldAddUserSuccessFully" time="0.001">
    <failure type="java.lang.NullPointerException" message="Cannot invoke &amp;quot;com.orangehrmlive.demo.pages.LoginPage.enterUserName(String)&amp;quot; because &amp;quot;this.loginPage&amp;quot; is null">
      <![CDATA[java.lang.NullPointerException: Cannot invoke "com.orangehrmlive.demo.pages.LoginPage.enterUserName(String)" because "this.loginPage" is null
at com.orangehrmlive.demo.testsuite.UsersTest.adminShouldAddUserSuccessFully(UsersTest.java:94)
at java.base/java.util.ArrayList.forEach(ArrayList.java:1511)
at com.intellij.rt.testng.IDEARemoteTestNG.run(IDEARemoteTestNG.java:66)
at com.intellij.rt.testng.RemoteTestNGStarter.main(RemoteTestNGStarter.java:105)
... Removed 24 stack frames]]>
    </failure>
  </testcase> <!-- adminShouldAddUserSuccessFully -->
  <testcase classname="com.orangehrmlive.demo.testsuite.UsersTest" name="searchTheUserAndVerifyTheMessageRecordFound" time="0.001">
    <failure type="java.lang.NullPointerException" message="Cannot invoke &amp;quot;com.orangehrmlive.demo.pages.LoginPage.enterUserName(String)&amp;quot; because &amp;quot;this.loginPage&amp;quot; is null">
      <![CDATA[java.lang.NullPointerException: Cannot invoke "com.orangehrmlive.demo.pages.LoginPage.enterUserName(String)" because "this.loginPage" is null
at com.orangehrmlive.demo.testsuite.UsersTest.searchTheUserAndVerifyTheMessageRecordFound(UsersTest.java:283)
at java.base/java.util.ArrayList.forEach(ArrayList.java:1511)
at com.intellij.rt.testng.IDEARemoteTestNG.run(IDEARemoteTestNG.java:66)
at com.intellij.rt.testng.RemoteTestNGStarter.main(RemoteTestNGStarter.java:105)
... Removed 24 stack frames]]>
    </failure>
  </testcase> <!-- searchTheUserAndVerifyTheMessageRecordFound -->
  <testcase classname="com.orangehrmlive.demo.testsuite.UsersTest" name="searchTheUserCreatedAndVerifyIt" time="0.001">
    <failure type="java.lang.NullPointerException" message="Cannot invoke &amp;quot;com.orangehrmlive.demo.pages.LoginPage.enterUserName(String)&amp;quot; because &amp;quot;this.loginPage&amp;quot; is null">
      <![CDATA[java.lang.NullPointerException: Cannot invoke "com.orangehrmlive.demo.pages.LoginPage.enterUserName(String)" because "this.loginPage" is null
at com.orangehrmlive.demo.testsuite.UsersTest.searchTheUserCreatedAndVerifyIt(UsersTest.java:173)
at java.base/java.util.ArrayList.forEach(ArrayList.java:1511)
at com.intellij.rt.testng.IDEARemoteTestNG.run(IDEARemoteTestNG.java:66)
at com.intellij.rt.testng.RemoteTestNGStarter.main(RemoteTestNGStarter.java:105)
... Removed 24 stack frames]]>
    </failure>
  </testcase> <!-- searchTheUserCreatedAndVerifyIt -->
  <testcase classname="com.orangehrmlive.demo.testsuite.UsersTest" name="verifyThatAdminShouldDeleteTheUserSuccessFully" time="0.0">
    <failure type="java.lang.NullPointerException" message="Cannot invoke &amp;quot;com.orangehrmlive.demo.pages.LoginPage.enterUserName(String)&amp;quot; because &amp;quot;this.loginPage&amp;quot; is null">
      <![CDATA[java.lang.NullPointerException: Cannot invoke "com.orangehrmlive.demo.pages.LoginPage.enterUserName(String)" because "this.loginPage" is null
at com.orangehrmlive.demo.testsuite.UsersTest.verifyThatAdminShouldDeleteTheUserSuccessFully(UsersTest.java:204)
at java.base/java.util.ArrayList.forEach(ArrayList.java:1511)
at com.intellij.rt.testng.IDEARemoteTestNG.run(IDEARemoteTestNG.java:66)
at com.intellij.rt.testng.RemoteTestNGStarter.main(RemoteTestNGStarter.java:105)
... Removed 24 stack frames]]>
    </failure>
  </testcase> <!-- verifyThatAdminShouldDeleteTheUserSuccessFully -->
</testsuite> <!-- LoginPageTest -->
